#
# There is insufficient memory for the Java Runtime Environment to continue.
# Native memory allocation (malloc) failed to allocate 2503616 bytes for Chunk::new
# Possible reasons:
#   The system is out of physical RAM or swap space
#   The process is running with CompressedOops enabled, and the Java Heap may be blocking the growth of the native heap
# Possible solutions:
#   Reduce memory load on the system
#   Increase physical memory or swap space
#   Check if swap backing store is full
#   Decrease Java heap size (-Xmx/-Xms)
#   Decrease number of Java threads
#   Decrease Java thread stack sizes (-Xss)
#   Set larger code cache with -XX:ReservedCodeCacheSize=
#   JVM is running with Unscaled Compressed Oops mode in which the Java heap is
#     placed in the first 4GB address space. The Java Heap base address is the
#     maximum limit for the native heap growth. Please use -XX:HeapBaseMinAddress
#     to set the Java Heap base and to place the Java Heap above 4GB virtual address.
# This output file may be truncated or incomplete.
#
#  Out of Memory Error (arena.cpp:189), pid=9744, tid=26552
#
# JRE version: OpenJDK Runtime Environment (17.0.6) (build 17.0.6+0-b2043.56-10027231)
# Java VM: OpenJDK 64-Bit Server VM (17.0.6+0-b2043.56-10027231, mixed mode, tiered, compressed oops, compressed class ptrs, g1 gc, windows-amd64)
# No core dump will be written. Minidumps are not enabled by default on client versions of Windows
#

---------------  S U M M A R Y ------------

Command Line: --add-opens=java.base/java.util=ALL-UNNAMED --add-opens=java.base/java.lang=ALL-UNNAMED --add-opens=java.base/java.lang.invoke=ALL-UNNAMED --add-opens=java.prefs/java.util.prefs=ALL-UNNAMED --add-opens=java.base/java.nio.charset=ALL-UNNAMED --add-opens=java.base/java.net=ALL-UNNAMED --add-opens=java.base/java.util.concurrent.atomic=ALL-UNNAMED -Xmx2048m -Dfile.encoding=UTF-8 -Duser.country=IN -Duser.language=en -Duser.variant org.gradle.launcher.daemon.bootstrap.GradleDaemon 8.0

Host: 11th Gen Intel(R) Core(TM) i5-1155G7 @ 2.50GHz, 8 cores, 7G,  Windows 11 , 64 bit Build 22621 (10.0.22621.3958)
Time: Sat Oct  5 15:43:04 2024 India Standard Time elapsed time: 8.571359 seconds (0d 0h 0m 8s)

---------------  T H R E A D  ---------------

Current thread (0x00000206fec79900):  JavaThread "C2 CompilerThread0" daemon [_thread_in_native, id=26552, stack(0x00000033b8200000,0x00000033b8300000)]


Current CompileTask:
C2:   8571 4279       4       org.gradle.internal.service.DefaultServiceRegistry$OwnServices::getService (309 bytes)

Stack: [0x00000033b8200000,0x00000033b8300000]
Native frames: (J=compiled Java code, j=interpreted, Vv=VM code, C=native code)
V  [jvm.dll+0x683c9a]
V  [jvm.dll+0x8427a4]
V  [jvm.dll+0x843f9e]
V  [jvm.dll+0x844603]
V  [jvm.dll+0x249b75]
V  [jvm.dll+0xabcac]
V  [jvm.dll+0xac27c]
V  [jvm.dll+0x368857]
V  [jvm.dll+0x1bced2]
V  [jvm.dll+0x21c359]
V  [jvm.dll+0x21b621]
V  [jvm.dll+0x1a4fdd]
V  [jvm.dll+0x22b098]
V  [jvm.dll+0x229159]
V  [jvm.dll+0x7f81ec]
V  [jvm.dll+0x7f274a]
V  [jvm.dll+0x682ad5]
C  [ucrtbase.dll+0x29333]
C  [KERNEL32.DLL+0x1257d]
C  [ntdll.dll+0x5af28]


---------------  P R O C E S S  ---------------

Threads class SMR info:
_java_thread_list=0x000002069735b140, length=41, elements={
0x00000206f5e72860, 0x00000206fec8e270, 0x00000206fec8e940, 0x00000206fec758b0,
0x00000206fec75f80, 0x00000206fec76550, 0x00000206fec78c40, 0x00000206fec79900,
0x00000206ff83b0c0, 0x00000206ff83ce00, 0x00000206ff9c4e60, 0x00000206ff9b9ab0,
0x00000206944d1b40, 0x00000206945b3450, 0x00000206940e7fc0, 0x00000206945c91b0,
0x00000206945c9680, 0x0000020694619950, 0x0000020694643c50, 0x0000020693862060,
0x0000020693863870, 0x0000020693862530, 0x0000020693862a00, 0x0000020693864bb0,
0x0000020693865080, 0x0000020693865a20, 0x00000206938646e0, 0x0000020693862ed0,
0x0000020693865550, 0x00000206973f3df0, 0x00000206973f8620, 0x00000206973f2f80,
0x00000206973f42c0, 0x00000206973f4790, 0x00000206973f72e0, 0x00000206973f6470,
0x00000206973f1770, 0x00000206973f12a0, 0x00000206973f5600, 0x00000206973f5ad0,
0x00000206973f2110
}

Java Threads: ( => current thread )
  0x00000206f5e72860 JavaThread "main" [_thread_blocked, id=8516, stack(0x00000033b7500000,0x00000033b7600000)]
  0x00000206fec8e270 JavaThread "Reference Handler" daemon [_thread_blocked, id=27504, stack(0x00000033b7c00000,0x00000033b7d00000)]
  0x00000206fec8e940 JavaThread "Finalizer" daemon [_thread_blocked, id=1692, stack(0x00000033b7d00000,0x00000033b7e00000)]
  0x00000206fec758b0 JavaThread "Signal Dispatcher" daemon [_thread_blocked, id=23860, stack(0x00000033b7e00000,0x00000033b7f00000)]
  0x00000206fec75f80 JavaThread "Attach Listener" daemon [_thread_blocked, id=2284, stack(0x00000033b7f00000,0x00000033b8000000)]
  0x00000206fec76550 JavaThread "Service Thread" daemon [_thread_blocked, id=7924, stack(0x00000033b8000000,0x00000033b8100000)]
  0x00000206fec78c40 JavaThread "Monitor Deflation Thread" daemon [_thread_blocked, id=13540, stack(0x00000033b8100000,0x00000033b8200000)]
=>0x00000206fec79900 JavaThread "C2 CompilerThread0" daemon [_thread_in_native, id=26552, stack(0x00000033b8200000,0x00000033b8300000)]
  0x00000206ff83b0c0 JavaThread "C1 CompilerThread0" daemon [_thread_blocked, id=3524, stack(0x00000033b8300000,0x00000033b8400000)]
  0x00000206ff83ce00 JavaThread "Sweeper thread" daemon [_thread_blocked, id=8568, stack(0x00000033b8400000,0x00000033b8500000)]
  0x00000206ff9c4e60 JavaThread "Common-Cleaner" daemon [_thread_blocked, id=18180, stack(0x00000033b8500000,0x00000033b8600000)]
  0x00000206ff9b9ab0 JavaThread "Notification Thread" daemon [_thread_blocked, id=23700, stack(0x00000033b8600000,0x00000033b8700000)]
  0x00000206944d1b40 JavaThread "Daemon health stats" [_thread_blocked, id=12192, stack(0x00000033b8c00000,0x00000033b8d00000)]
  0x00000206945b3450 JavaThread "Incoming local TCP Connector on port 51777" [_thread_in_native, id=22504, stack(0x00000033b8d00000,0x00000033b8e00000)]
  0x00000206940e7fc0 JavaThread "Daemon periodic checks" [_thread_blocked, id=13892, stack(0x00000033b8e00000,0x00000033b8f00000)]
  0x00000206945c91b0 JavaThread "Daemon" [_thread_blocked, id=17096, stack(0x00000033b8f00000,0x00000033b9000000)]
  0x00000206945c9680 JavaThread "Handler for socket connection from /127.0.0.1:51777 to /127.0.0.1:51778" [_thread_in_native, id=18756, stack(0x00000033b9000000,0x00000033b9100000)]
  0x0000020694619950 JavaThread "Cancel handler" [_thread_blocked, id=6480, stack(0x00000033b9100000,0x00000033b9200000)]
  0x0000020694643c50 JavaThread "Daemon worker" [_thread_in_vm, id=15164, stack(0x00000033b9200000,0x00000033b9300000)]
  0x0000020693862060 JavaThread "Asynchronous log dispatcher for DefaultDaemonConnection: socket connection from /127.0.0.1:51777 to /127.0.0.1:51778" [_thread_blocked, id=20512, stack(0x00000033b9300000,0x00000033b9400000)]
  0x0000020693863870 JavaThread "Stdin handler" [_thread_blocked, id=23680, stack(0x00000033b9400000,0x00000033b9500000)]
  0x0000020693862530 JavaThread "Daemon client event forwarder" [_thread_blocked, id=26192, stack(0x00000033b9500000,0x00000033b9600000)]
  0x0000020693862a00 JavaThread "Cache worker for journal cache (C:\Users\athis\.gradle\caches\journal-1)" [_thread_blocked, id=14708, stack(0x00000033b9a00000,0x00000033b9b00000)]
  0x0000020693864bb0 JavaThread "File lock request listener" [_thread_in_native, id=20908, stack(0x00000033b9b00000,0x00000033b9c00000)]
  0x0000020693865080 JavaThread "Cache worker for file hash cache (C:\Users\athis\.gradle\caches\8.0\fileHashes)" [_thread_blocked, id=19284, stack(0x00000033b9c00000,0x00000033b9d00000)]
  0x0000020693865a20 JavaThread "File watcher server" daemon [_thread_in_native, id=12892, stack(0x00000033b9d00000,0x00000033b9e00000)]
  0x00000206938646e0 JavaThread "File watcher consumer" daemon [_thread_blocked, id=15176, stack(0x00000033b9e00000,0x00000033b9f00000)]
  0x0000020693862ed0 JavaThread "Cache worker for checksums cache (E:\Adhi\project\FarmingShop1\.gradle\8.0\checksums)" [_thread_blocked, id=25904, stack(0x00000033b9f00000,0x00000033ba000000)]
  0x0000020693865550 JavaThread "Cache worker for cache directory md-rule (C:\Users\athis\.gradle\caches\8.0\md-rule)" [_thread_blocked, id=21176, stack(0x00000033ba000000,0x00000033ba100000)]
  0x00000206973f3df0 JavaThread "Cache worker for file content cache (C:\Users\athis\.gradle\caches\8.0\fileContent)" [_thread_blocked, id=8272, stack(0x00000033ba100000,0x00000033ba200000)]
  0x00000206973f8620 JavaThread "Cache worker for file hash cache (E:\Adhi\project\FarmingShop1\.gradle\8.0\fileHashes)" [_thread_blocked, id=8616, stack(0x00000033ba200000,0x00000033ba300000)]
  0x00000206973f2f80 JavaThread "Cache worker for cache directory md-supplier (C:\Users\athis\.gradle\caches\8.0\md-supplier)" [_thread_blocked, id=27164, stack(0x00000033ba300000,0x00000033ba400000)]
  0x00000206973f42c0 JavaThread "Cache worker for execution history cache (C:\Users\athis\.gradle\caches\8.0\executionHistory)" [_thread_blocked, id=11404, stack(0x00000033ba400000,0x00000033ba500000)]
  0x00000206973f4790 JavaThread "jar transforms" [_thread_blocked, id=2824, stack(0x00000033ba500000,0x00000033ba600000)]
  0x00000206973f72e0 JavaThread "jar transforms Thread 2" [_thread_blocked, id=23244, stack(0x00000033ba600000,0x00000033ba700000)]
  0x00000206973f6470 JavaThread "Cache worker for kotlin-dsl (C:\Users\athis\.gradle\caches\8.0\kotlin-dsl)" [_thread_blocked, id=17392, stack(0x00000033ba700000,0x00000033ba800000)]
  0x00000206973f1770 JavaThread "jar transforms Thread 3" [_thread_blocked, id=696, stack(0x00000033ba800000,0x00000033ba900000)]
  0x00000206973f12a0 JavaThread "jar transforms Thread 4" [_thread_blocked, id=23760, stack(0x00000033ba900000,0x00000033baa00000)]
  0x00000206973f5600 JavaThread "Cache worker for dependencies-accessors (E:\Adhi\project\FarmingShop1\.gradle\8.0\dependencies-accessors)" [_thread_blocked, id=20948, stack(0x00000033baa00000,0x00000033bab00000)]
  0x00000206973f5ad0 JavaThread "Cache worker for Build Output Cleanup Cache (E:\Adhi\project\FarmingShop1\.gradle\buildOutputCleanup)" [_thread_blocked, id=7396, stack(0x00000033bab00000,0x00000033bac00000)]
  0x00000206973f2110 JavaThread "jar transforms Thread 5" [_thread_blocked, id=22764, stack(0x00000033bac00000,0x00000033bad00000)]

Other Threads:
  0x00000206ff813330 VMThread "VM Thread" [stack: 0x00000033b7b00000,0x00000033b7c00000] [id=26468]
  0x00000206f5ee5200 WatcherThread [stack: 0x00000033b8700000,0x00000033b8800000] [id=25872]
  0x00000206f5ecc950 GCTaskThread "GC Thread#0" [stack: 0x00000033b7600000,0x00000033b7700000] [id=23204]
  0x0000020693a94ec0 GCTaskThread "GC Thread#1" [stack: 0x00000033b8900000,0x00000033b8a00000] [id=17860]
  0x0000020693ce0b90 GCTaskThread "GC Thread#2" [stack: 0x00000033b8a00000,0x00000033b8b00000] [id=26200]
  0x0000020693a879a0 GCTaskThread "GC Thread#3" [stack: 0x00000033b8b00000,0x00000033b8c00000] [id=26904]
  0x00000206ffb97040 GCTaskThread "GC Thread#4" [stack: 0x00000033b8800000,0x00000033b8900000] [id=24436]
  0x0000020695148000 GCTaskThread "GC Thread#5" [stack: 0x00000033b9600000,0x00000033b9700000] [id=700]
  0x00000206951482b0 GCTaskThread "GC Thread#6" [stack: 0x00000033b9700000,0x00000033b9800000] [id=7884]
  0x0000020695148560 GCTaskThread "GC Thread#7" [stack: 0x00000033b9800000,0x00000033b9900000] [id=17428]
  0x00000206f5edd7a0 ConcurrentGCThread "G1 Main Marker" [stack: 0x00000033b7700000,0x00000033b7800000] [id=10032]
  0x00000206f5ede0c0 ConcurrentGCThread "G1 Conc#0" [stack: 0x00000033b7800000,0x00000033b7900000] [id=14252]
  0x0000020695348060 ConcurrentGCThread "G1 Conc#1" [stack: 0x00000033b9900000,0x00000033b9a00000] [id=3176]
  0x00000206feac6cf0 ConcurrentGCThread "G1 Refine#0" [stack: 0x00000033b7900000,0x00000033b7a00000] [id=22236]
  0x00000206feac9140 ConcurrentGCThread "G1 Service" [stack: 0x00000033b7a00000,0x00000033b7b00000] [id=10044]

Threads with active compile tasks:
C2 CompilerThread0     8600 4279       4       org.gradle.internal.service.DefaultServiceRegistry$OwnServices::getService (309 bytes)

VM state: not at safepoint (normal execution)

VM Mutex/Monitor currently owned by a thread: None

Heap address: 0x0000000080000000, size: 2048 MB, Compressed Oops mode: 32-bit

CDS archive(s) not mapped
Compressed class space mapped at: 0x0000000100000000-0x0000000140000000, reserved size: 1073741824
Narrow klass base: 0x0000000000000000, Narrow klass shift: 3, Narrow klass range: 0x140000000

GC Precious Log:
 CPUs: 8 total, 8 available
 Memory: 7834M
 Large Page Support: Disabled
 NUMA Support: Disabled
 Compressed Oops: Enabled (32-bit)
 Heap Region Size: 1M
 Heap Min Capacity: 8M
 Heap Initial Capacity: 124M
 Heap Max Capacity: 2G
 Pre-touch: Disabled
 Parallel Workers: 8
 Concurrent Workers: 2
 Concurrent Refinement Workers: 8
 Periodic GC: Disabled

Heap:
 garbage-first heap   total 65536K, used 45874K [0x0000000080000000, 0x0000000100000000)
  region size 1024K, 15 young (15360K), 2 survivors (2048K)
 Metaspace       used 51749K, committed 52288K, reserved 1097728K
  class space    used 6944K, committed 7168K, reserved 1048576K

Heap Regions: E=young(eden), S=young(survivor), O=old, HS=humongous(starts), HC=humongous(continues), CS=collection set, F=free, OA=open archive, CA=closed archive, TAMS=top-at-mark-start (previous, next)
|   0|0x0000000080000000, 0x0000000080100000, 0x0000000080100000|100%|HS|  |TAMS 0x0000000080100000, 0x0000000080000000| Complete 
|   1|0x0000000080100000, 0x0000000080200000, 0x0000000080200000|100%|HC|  |TAMS 0x0000000080200000, 0x0000000080100000| Complete 
|   2|0x0000000080200000, 0x0000000080300000, 0x0000000080300000|100%|HC|  |TAMS 0x0000000080300000, 0x0000000080200000| Complete 
|   3|0x0000000080300000, 0x0000000080400000, 0x0000000080400000|100%|HC|  |TAMS 0x0000000080400000, 0x0000000080300000| Complete 
|   4|0x0000000080400000, 0x0000000080500000, 0x0000000080500000|100%| O|  |TAMS 0x0000000080500000, 0x0000000080400000| Untracked 
|   5|0x0000000080500000, 0x0000000080600000, 0x0000000080600000|100%| O|  |TAMS 0x0000000080600000, 0x0000000080500000| Untracked 
|   6|0x0000000080600000, 0x0000000080700000, 0x0000000080700000|100%| O|  |TAMS 0x0000000080700000, 0x0000000080600000| Untracked 
|   7|0x0000000080700000, 0x0000000080800000, 0x0000000080800000|100%| O|  |TAMS 0x0000000080800000, 0x0000000080700000| Untracked 
|   8|0x0000000080800000, 0x0000000080900000, 0x0000000080900000|100%| O|  |TAMS 0x0000000080900000, 0x0000000080800000| Untracked 
|   9|0x0000000080900000, 0x0000000080a00000, 0x0000000080a00000|100%| O|  |TAMS 0x0000000080a00000, 0x0000000080900000| Untracked 
|  10|0x0000000080a00000, 0x0000000080b00000, 0x0000000080b00000|100%| O|  |TAMS 0x0000000080b00000, 0x0000000080a00000| Untracked 
|  11|0x0000000080b00000, 0x0000000080c00000, 0x0000000080c00000|100%| O|  |TAMS 0x0000000080c00000, 0x0000000080b00000| Untracked 
|  12|0x0000000080c00000, 0x0000000080d00000, 0x0000000080d00000|100%| O|  |TAMS 0x0000000080d00000, 0x0000000080c00000| Untracked 
|  13|0x0000000080d00000, 0x0000000080e00000, 0x0000000080e00000|100%| O|  |TAMS 0x0000000080e00000, 0x0000000080d00000| Untracked 
|  14|0x0000000080e00000, 0x0000000080f00000, 0x0000000080f00000|100%| O|  |TAMS 0x0000000080f00000, 0x0000000080e00000| Untracked 
|  15|0x0000000080f00000, 0x0000000081000000, 0x0000000081000000|100%| O|  |TAMS 0x0000000081000000, 0x0000000080f00000| Untracked 
|  16|0x0000000081000000, 0x0000000081100000, 0x0000000081100000|100%| O|  |TAMS 0x0000000081100000, 0x0000000081000000| Untracked 
|  17|0x0000000081100000, 0x0000000081200000, 0x0000000081200000|100%| O|  |TAMS 0x0000000081200000, 0x0000000081100000| Untracked 
|  18|0x0000000081200000, 0x0000000081300000, 0x0000000081300000|100%| O|  |TAMS 0x0000000081300000, 0x0000000081200000| Untracked 
|  19|0x0000000081300000, 0x0000000081400000, 0x0000000081400000|100%| O|  |TAMS 0x0000000081400000, 0x0000000081300000| Untracked 
|  20|0x0000000081400000, 0x0000000081500000, 0x0000000081500000|100%| O|  |TAMS 0x0000000081500000, 0x0000000081400000| Untracked 
|  21|0x0000000081500000, 0x0000000081600000, 0x0000000081600000|100%| O|  |TAMS 0x0000000081600000, 0x0000000081500000| Untracked 
|  22|0x0000000081600000, 0x0000000081700000, 0x0000000081700000|100%| O|  |TAMS 0x0000000081700000, 0x0000000081600000| Untracked 
|  23|0x0000000081700000, 0x0000000081800000, 0x0000000081800000|100%| O|  |TAMS 0x0000000081800000, 0x0000000081700000| Untracked 
|  24|0x0000000081800000, 0x0000000081900000, 0x0000000081900000|100%| O|  |TAMS 0x0000000081900000, 0x0000000081800000| Untracked 
|  25|0x0000000081900000, 0x0000000081a00000, 0x0000000081a00000|100%| O|  |TAMS 0x0000000081a00000, 0x0000000081900000| Untracked 
|  26|0x0000000081a00000, 0x0000000081b00000, 0x0000000081b00000|100%| O|  |TAMS 0x0000000081b00000, 0x0000000081a00000| Untracked 
|  27|0x0000000081b00000, 0x0000000081c00000, 0x0000000081c00000|100%| O|  |TAMS 0x0000000081c00000, 0x0000000081b00000| Untracked 
|  28|0x0000000081c00000, 0x0000000081d00000, 0x0000000081d00000|100%| O|  |TAMS 0x0000000081d00000, 0x0000000081c00000| Untracked 
|  29|0x0000000081d00000, 0x0000000081e00000, 0x0000000081e00000|100%| O|  |TAMS 0x0000000081e00000, 0x0000000081d00000| Untracked 
|  30|0x0000000081e00000, 0x0000000081e21600, 0x0000000081f00000| 13%| O|  |TAMS 0x0000000081e00000, 0x0000000081e00000| Untracked 
|  31|0x0000000081f00000, 0x0000000082000000, 0x0000000082000000|100%| O|  |TAMS 0x0000000081f0fa00, 0x0000000081f00000| Untracked 
|  32|0x0000000082000000, 0x0000000082000000, 0x0000000082100000|  0%| F|  |TAMS 0x0000000082000000, 0x0000000082000000| Untracked 
|  33|0x0000000082100000, 0x0000000082100000, 0x0000000082200000|  0%| F|  |TAMS 0x0000000082100000, 0x0000000082100000| Untracked 
|  34|0x0000000082200000, 0x0000000082200000, 0x0000000082300000|  0%| F|  |TAMS 0x0000000082200000, 0x0000000082200000| Untracked 
|  35|0x0000000082300000, 0x0000000082300000, 0x0000000082400000|  0%| F|  |TAMS 0x0000000082300000, 0x0000000082300000| Untracked 
|  36|0x0000000082400000, 0x0000000082400000, 0x0000000082500000|  0%| F|  |TAMS 0x0000000082400000, 0x0000000082400000| Untracked 
|  37|0x0000000082500000, 0x0000000082500000, 0x0000000082600000|  0%| F|  |TAMS 0x0000000082500000, 0x0000000082500000| Untracked 
|  38|0x0000000082600000, 0x0000000082600000, 0x0000000082700000|  0%| F|  |TAMS 0x0000000082600000, 0x0000000082600000| Untracked 
|  39|0x0000000082700000, 0x0000000082700000, 0x0000000082800000|  0%| F|  |TAMS 0x0000000082700000, 0x0000000082700000| Untracked 
|  40|0x0000000082800000, 0x0000000082800000, 0x0000000082900000|  0%| F|  |TAMS 0x0000000082800000, 0x0000000082800000| Untracked 
|  41|0x0000000082900000, 0x0000000082900000, 0x0000000082a00000|  0%| F|  |TAMS 0x0000000082900000, 0x0000000082900000| Untracked 
|  42|0x0000000082a00000, 0x0000000082a00000, 0x0000000082b00000|  0%| F|  |TAMS 0x0000000082a00000, 0x0000000082a00000| Untracked 
|  43|0x0000000082b00000, 0x0000000082b00000, 0x0000000082c00000|  0%| F|  |TAMS 0x0000000082b00000, 0x0000000082b00000| Untracked 
|  44|0x0000000082c00000, 0x0000000082c00000, 0x0000000082d00000|  0%| F|  |TAMS 0x0000000082c00000, 0x0000000082c00000| Untracked 
|  45|0x0000000082d00000, 0x0000000082d00000, 0x0000000082e00000|  0%| F|  |TAMS 0x0000000082d00000, 0x0000000082d00000| Untracked 
|  46|0x0000000082e00000, 0x0000000082eab598, 0x0000000082f00000| 66%| S|CS|TAMS 0x0000000082e00000, 0x0000000082e00000| Complete 
|  47|0x0000000082f00000, 0x0000000083000000, 0x0000000083000000|100%| S|CS|TAMS 0x0000000082f00000, 0x0000000082f00000| Complete 
|  48|0x0000000083000000, 0x0000000083000000, 0x0000000083100000|  0%| F|  |TAMS 0x0000000083000000, 0x0000000083000000| Untracked 
|  49|0x0000000083100000, 0x0000000083100000, 0x0000000083200000|  0%| F|  |TAMS 0x0000000083100000, 0x0000000083100000| Untracked 
|  50|0x0000000083200000, 0x0000000083200000, 0x0000000083300000|  0%| F|  |TAMS 0x0000000083200000, 0x0000000083200000| Untracked 
|  51|0x0000000083300000, 0x00000000833f2710, 0x0000000083400000| 94%| E|  |TAMS 0x0000000083300000, 0x0000000083300000| Complete 
|  52|0x0000000083400000, 0x0000000083500000, 0x0000000083500000|100%| E|CS|TAMS 0x0000000083400000, 0x0000000083400000| Complete 
|  53|0x0000000083500000, 0x0000000083600000, 0x0000000083600000|100%| E|CS|TAMS 0x0000000083500000, 0x0000000083500000| Complete 
|  54|0x0000000083600000, 0x0000000083700000, 0x0000000083700000|100%| E|CS|TAMS 0x0000000083600000, 0x0000000083600000| Complete 
|  75|0x0000000084b00000, 0x0000000084c00000, 0x0000000084c00000|100%| E|CS|TAMS 0x0000000084b00000, 0x0000000084b00000| Complete 
|  76|0x0000000084c00000, 0x0000000084d00000, 0x0000000084d00000|100%| E|CS|TAMS 0x0000000084c00000, 0x0000000084c00000| Complete 
|  77|0x0000000084d00000, 0x0000000084e00000, 0x0000000084e00000|100%| E|CS|TAMS 0x0000000084d00000, 0x0000000084d00000| Complete 
|  78|0x0000000084e00000, 0x0000000084f00000, 0x0000000084f00000|100%| E|CS|TAMS 0x0000000084e00000, 0x0000000084e00000| Complete 
|  79|0x0000000084f00000, 0x0000000085000000, 0x0000000085000000|100%| E|CS|TAMS 0x0000000084f00000, 0x0000000084f00000| Complete 
|  80|0x0000000085000000, 0x0000000085100000, 0x0000000085100000|100%| E|CS|TAMS 0x0000000085000000, 0x0000000085000000| Complete 
|  81|0x0000000085100000, 0x0000000085200000, 0x0000000085200000|100%| E|CS|TAMS 0x0000000085100000, 0x0000000085100000| Complete 
|  82|0x0000000085200000, 0x0000000085300000, 0x0000000085300000|100%| E|CS|TAMS 0x0000000085200000, 0x0000000085200000| Complete 
| 123|0x0000000087b00000, 0x0000000087c00000, 0x0000000087c00000|100%| E|CS|TAMS 0x0000000087b00000, 0x0000000087b00000| Complete 

Card table byte_map: [0x00000206fb980000,0x00000206fbd80000] _byte_map_base: 0x00000206fb580000

Marking Bits (Prev, Next): (CMBitMap*) 0x00000206f5ecce70, (CMBitMap*) 0x00000206f5ecceb0
 Prev Bits: [0x00000206fc180000, 0x00000206fe180000)
 Next Bits: [0x000002068f000000, 0x0000020691000000)

Polling page: 0x00000206faae0000

Metaspace:

Usage:
  Non-class:     43.76 MB used.
      Class:      6.78 MB used.
       Both:     50.54 MB used.

Virtual space:
  Non-class space:       48.00 MB reserved,      44.06 MB ( 92%) committed,  6 nodes.
      Class space:        1.00 GB reserved,       7.00 MB ( <1%) committed,  1 nodes.
             Both:        1.05 GB reserved,      51.06 MB (  5%) committed. 

Chunk freelists:
   Non-Class:  3.73 MB
       Class:  1006.00 KB
        Both:  4.72 MB

MaxMetaspaceSize: unlimited
CompressedClassSpaceSize: 1.00 GB
Initial GC threshold: 21.00 MB
Current GC threshold: 79.00 MB
CDS: off
MetaspaceReclaimPolicy: balanced
 - commit_granule_bytes: 65536.
 - commit_granule_words: 8192.
 - virtual_space_node_default_size: 1048576.
 - enlarge_chunks_in_place: 1.
 - new_chunks_are_fully_committed: 0.
 - uncommit_free_chunks: 1.
 - use_allocation_guard: 0.
 - handle_deallocations: 1.


Internal statistics:

num_allocs_failed_limit: 6.
num_arena_births: 544.
num_arena_deaths: 0.
num_vsnodes_births: 7.
num_vsnodes_deaths: 0.
num_space_committed: 817.
num_space_uncommitted: 0.
num_chunks_returned_to_freelist: 6.
num_chunks_taken_from_freelist: 2173.
num_chunk_merges: 6.
num_chunk_splits: 1459.
num_chunks_enlarged: 1011.
num_purges: 0.
num_inconsistent_stats: 0.

CodeHeap 'non-profiled nmethods': size=120000Kb used=2193Kb max_used=2193Kb free=117806Kb
 bounds [0x0000020687ad0000, 0x0000020687d40000, 0x000002068f000000]
CodeHeap 'profiled nmethods': size=120000Kb used=8858Kb max_used=8858Kb free=111141Kb
 bounds [0x0000020680000000, 0x00000206808b0000, 0x0000020687530000]
CodeHeap 'non-nmethods': size=5760Kb used=2324Kb max_used=2343Kb free=3435Kb
 bounds [0x0000020687530000, 0x00000206877a0000, 0x0000020687ad0000]
 total_blobs=5103 nmethods=4275 adapters=740
 compilation: enabled
              stopped_count=0, restarted_count=0
 full_count=0

Compilation events (20 events):
Event: 8.402 Thread 0x00000206ff83b0c0 4286       3       com.google.common.cache.LocalCache::usesWriteQueue (5 bytes)
Event: 8.402 Thread 0x00000206ff83b0c0 nmethod 4286 0x0000020680892310 code [0x00000206808924a0, 0x0000020680892698]
Event: 8.416 Thread 0x00000206ff83b0c0 4288       3       java.lang.invoke.AbstractValidatingLambdaMetafactory::validateMetafactoryArgs (607 bytes)
Event: 8.420 Thread 0x00000206ff83b0c0 nmethod 4288 0x0000020680892790 code [0x0000020680893240, 0x000002068089aa68]
Event: 8.420 Thread 0x00000206ff83b0c0 4289   !   3       java.lang.invoke.InnerClassLambdaMetafactory::buildCallSite (201 bytes)
Event: 8.422 Thread 0x00000206ff83b0c0 nmethod 4289 0x000002068089d290 code [0x000002068089d780, 0x000002068089fc98]
Event: 8.422 Thread 0x00000206ff83b0c0 4290       3       java.lang.invoke.LambdaForm$DMH/0x0000000100271400::invokeStatic (31 bytes)
Event: 8.422 Thread 0x00000206ff83b0c0 nmethod 4290 0x00000206808a0c90 code [0x00000206808a0e60, 0x00000206808a12b8]
Event: 8.422 Thread 0x00000206ff83b0c0 4291       3       java.lang.invoke.MethodHandles$Lookup$ClassDefiner::defineClassAsLookup (19 bytes)
Event: 8.422 Thread 0x00000206ff83b0c0 nmethod 4291 0x00000206808a1410 code [0x00000206808a15c0, 0x00000206808a1798]
Event: 8.470 Thread 0x00000206ff83b0c0 4293       3       java.net.URI$Parser::scan (76 bytes)
Event: 8.471 Thread 0x00000206ff83b0c0 nmethod 4293 0x00000206808a1890 code [0x00000206808a1ac0, 0x00000206808a2398]
Event: 8.501 Thread 0x00000206ff83b0c0 4294       3       com.google.common.collect.CollectPreconditions::checkNonnegative (48 bytes)
Event: 8.501 Thread 0x00000206ff83b0c0 nmethod 4294 0x00000206808a2790 code [0x00000206808a2a00, 0x00000206808a3308]
Event: 8.546 Thread 0x00000206ff83b0c0 4297       3       java.util.regex.Pattern::range (294 bytes)
Event: 8.547 Thread 0x00000206ff83b0c0 nmethod 4297 0x00000206808a3710 code [0x00000206808a3b40, 0x00000206808a5398]
Event: 8.562 Thread 0x00000206ff83b0c0 4299       3       org.gradle.cache.internal.btree.StateCheckBlockStore::read (33 bytes)
Event: 8.562 Thread 0x00000206ff83b0c0 nmethod 4299 0x00000206808a5c10 code [0x00000206808a5dc0, 0x00000206808a5fa8]
Event: 8.562 Thread 0x00000206ff83b0c0 4300       3       org.gradle.cache.internal.btree.FreeListBlockStore::read (12 bytes)
Event: 8.563 Thread 0x00000206ff83b0c0 nmethod 4300 0x00000206808a6090 code [0x00000206808a6240, 0x00000206808a6408]

GC Heap History (20 events):
Event: 5.095 GC heap before
{Heap before GC invocations=6 (full 0):
 garbage-first heap   total 65536K, used 44971K [0x0000000080000000, 0x0000000100000000)
  region size 1024K, 25 young (25600K), 1 survivors (1024K)
 Metaspace       used 29835K, committed 30144K, reserved 1081344K
  class space    used 4048K, committed 4160K, reserved 1048576K
}
Event: 5.098 GC heap after
{Heap after GC invocations=7 (full 0):
 garbage-first heap   total 65536K, used 21451K [0x0000000080000000, 0x0000000100000000)
  region size 1024K, 2 young (2048K), 2 survivors (2048K)
 Metaspace       used 29835K, committed 30144K, reserved 1081344K
  class space    used 4048K, committed 4160K, reserved 1048576K
}
Event: 5.613 GC heap before
{Heap before GC invocations=7 (full 0):
 garbage-first heap   total 65536K, used 46027K [0x0000000080000000, 0x0000000100000000)
  region size 1024K, 26 young (26624K), 2 survivors (2048K)
 Metaspace       used 33835K, committed 34112K, reserved 1081344K
  class space    used 4670K, committed 4800K, reserved 1048576K
}
Event: 5.616 GC heap after
{Heap after GC invocations=8 (full 0):
 garbage-first heap   total 65536K, used 22582K [0x0000000080000000, 0x0000000100000000)
  region size 1024K, 3 young (3072K), 3 survivors (3072K)
 Metaspace       used 33835K, committed 34112K, reserved 1081344K
  class space    used 4670K, committed 4800K, reserved 1048576K
}
Event: 5.908 GC heap before
{Heap before GC invocations=8 (full 0):
 garbage-first heap   total 65536K, used 30774K [0x0000000080000000, 0x0000000100000000)
  region size 1024K, 12 young (12288K), 3 survivors (3072K)
 Metaspace       used 35638K, committed 35968K, reserved 1081344K
  class space    used 4880K, committed 5056K, reserved 1048576K
}
Event: 5.913 GC heap after
{Heap after GC invocations=9 (full 0):
 garbage-first heap   total 65536K, used 23907K [0x0000000080000000, 0x0000000100000000)
  region size 1024K, 3 young (3072K), 3 survivors (3072K)
 Metaspace       used 35638K, committed 35968K, reserved 1081344K
  class space    used 4880K, committed 5056K, reserved 1048576K
}
Event: 6.396 GC heap before
{Heap before GC invocations=10 (full 0):
 garbage-first heap   total 65536K, used 46435K [0x0000000080000000, 0x0000000100000000)
  region size 1024K, 26 young (26624K), 3 survivors (3072K)
 Metaspace       used 40391K, committed 40704K, reserved 1089536K
  class space    used 5360K, committed 5504K, reserved 1048576K
}
Event: 6.400 GC heap after
{Heap after GC invocations=11 (full 0):
 garbage-first heap   total 65536K, used 27202K [0x0000000080000000, 0x0000000100000000)
  region size 1024K, 4 young (4096K), 4 survivors (4096K)
 Metaspace       used 40391K, committed 40704K, reserved 1089536K
  class space    used 5360K, committed 5504K, reserved 1048576K
}
Event: 6.725 GC heap before
{Heap before GC invocations=11 (full 0):
 garbage-first heap   total 65536K, used 50754K [0x0000000080000000, 0x0000000100000000)
  region size 1024K, 24 young (24576K), 4 survivors (4096K)
 Metaspace       used 42451K, committed 42752K, reserved 1089536K
  class space    used 5552K, committed 5696K, reserved 1048576K
}
Event: 6.730 GC heap after
{Heap after GC invocations=12 (full 0):
 garbage-first heap   total 65536K, used 29755K [0x0000000080000000, 0x0000000100000000)
  region size 1024K, 3 young (3072K), 3 survivors (3072K)
 Metaspace       used 42451K, committed 42752K, reserved 1089536K
  class space    used 5552K, committed 5696K, reserved 1048576K
}
Event: 7.392 GC heap before
{Heap before GC invocations=12 (full 0):
 garbage-first heap   total 65536K, used 48187K [0x0000000080000000, 0x0000000100000000)
  region size 1024K, 22 young (22528K), 3 survivors (3072K)
 Metaspace       used 43562K, committed 43968K, reserved 1089536K
  class space    used 5717K, committed 5888K, reserved 1048576K
}
Event: 7.395 GC heap after
{Heap after GC invocations=13 (full 0):
 garbage-first heap   total 65536K, used 31383K [0x0000000080000000, 0x0000000100000000)
  region size 1024K, 2 young (2048K), 2 survivors (2048K)
 Metaspace       used 43562K, committed 43968K, reserved 1089536K
  class space    used 5717K, committed 5888K, reserved 1048576K
}
Event: 7.399 GC heap before
{Heap before GC invocations=13 (full 0):
 garbage-first heap   total 65536K, used 31383K [0x0000000080000000, 0x0000000100000000)
  region size 1024K, 3 young (3072K), 2 survivors (2048K)
 Metaspace       used 43562K, committed 43968K, reserved 1089536K
  class space    used 5717K, committed 5888K, reserved 1048576K
}
Event: 7.400 GC heap after
{Heap after GC invocations=14 (full 0):
 garbage-first heap   total 65536K, used 31402K [0x0000000080000000, 0x0000000100000000)
  region size 1024K, 2 young (2048K), 2 survivors (2048K)
 Metaspace       used 43562K, committed 43968K, reserved 1089536K
  class space    used 5717K, committed 5888K, reserved 1048576K
}
Event: 7.747 GC heap before
{Heap before GC invocations=15 (full 0):
 garbage-first heap   total 65536K, used 46681K [0x0000000080000000, 0x0000000100000000)
  region size 1024K, 16 young (16384K), 2 survivors (2048K)
 Metaspace       used 45998K, committed 46464K, reserved 1089536K
  class space    used 6047K, committed 6272K, reserved 1048576K
}
Event: 7.749 GC heap after
{Heap after GC invocations=16 (full 0):
 garbage-first heap   total 65536K, used 32028K [0x0000000080000000, 0x0000000100000000)
  region size 1024K, 2 young (2048K), 2 survivors (2048K)
 Metaspace       used 45998K, committed 46464K, reserved 1089536K
  class space    used 6047K, committed 6272K, reserved 1048576K
}
Event: 8.128 GC heap before
{Heap before GC invocations=16 (full 0):
 garbage-first heap   total 65536K, used 46364K [0x0000000080000000, 0x0000000100000000)
  region size 1024K, 16 young (16384K), 2 survivors (2048K)
 Metaspace       used 47903K, committed 48320K, reserved 1097728K
  class space    used 6357K, committed 6528K, reserved 1048576K
}
Event: 8.130 GC heap after
{Heap after GC invocations=17 (full 0):
 garbage-first heap   total 65536K, used 32949K [0x0000000080000000, 0x0000000100000000)
  region size 1024K, 2 young (2048K), 2 survivors (2048K)
 Metaspace       used 47903K, committed 48320K, reserved 1097728K
  class space    used 6357K, committed 6528K, reserved 1048576K
}
Event: 8.397 GC heap before
{Heap before GC invocations=18 (full 0):
 garbage-first heap   total 65536K, used 47285K [0x0000000080000000, 0x0000000100000000)
  region size 1024K, 16 young (16384K), 2 survivors (2048K)
 Metaspace       used 49963K, committed 50432K, reserved 1097728K
  class space    used 6688K, committed 6912K, reserved 1048576K
}
Event: 8.399 GC heap after
{Heap after GC invocations=19 (full 0):
 garbage-first heap   total 65536K, used 33586K [0x0000000080000000, 0x0000000100000000)
  region size 1024K, 2 young (2048K), 2 survivors (2048K)
 Metaspace       used 49963K, committed 50432K, reserved 1097728K
  class space    used 6688K, committed 6912K, reserved 1048576K
}

Dll operation events (2 events):
Event: 0.017 Loaded shared library C:\Program Files\Android\Android Studio\jbr\bin\java.dll
Event: 0.539 Loaded shared library C:\Program Files\Android\Android Studio\jbr\bin\verify.dll

Deoptimization events (20 events):
Event: 8.372 Thread 0x0000020694643c50 Uncommon trap: trap_request=0xffffffc6 fr.pc=0x0000020687c01460 relative=0x0000000000000220
Event: 8.372 Thread 0x0000020694643c50 Uncommon trap: reason=bimorphic_or_optimized_type_check action=maybe_recompile pc=0x0000020687c01460 method=com.google.common.base.CharMatcher.indexIn(Ljava/lang/CharSequence;I)I @ 31 c2
Event: 8.372 Thread 0x0000020694643c50 DEOPT PACKING pc=0x0000020687c01460 sp=0x00000033b92f96b0
Event: 8.372 Thread 0x0000020694643c50 DEOPT UNPACKING pc=0x000002068758a1a3 sp=0x00000033b92f9658 mode 2
Event: 8.380 Thread 0x0000020694643c50 Uncommon trap: trap_request=0xffffffc6 fr.pc=0x0000020687c01460 relative=0x0000000000000220
Event: 8.380 Thread 0x0000020694643c50 Uncommon trap: reason=bimorphic_or_optimized_type_check action=maybe_recompile pc=0x0000020687c01460 method=com.google.common.base.CharMatcher.indexIn(Ljava/lang/CharSequence;I)I @ 31 c2
Event: 8.380 Thread 0x0000020694643c50 DEOPT PACKING pc=0x0000020687c01460 sp=0x00000033b92f8d30
Event: 8.380 Thread 0x0000020694643c50 DEOPT UNPACKING pc=0x000002068758a1a3 sp=0x00000033b92f8cd8 mode 2
Event: 8.387 Thread 0x0000020694643c50 Uncommon trap: trap_request=0xffffff45 fr.pc=0x0000020687b2f8f4 relative=0x00000000000001d4
Event: 8.387 Thread 0x0000020694643c50 Uncommon trap: reason=unstable_if action=reinterpret pc=0x0000020687b2f8f4 method=java.net.URI$Parser.scan(IILjava/lang/String;)I @ 26 c2
Event: 8.387 Thread 0x0000020694643c50 DEOPT PACKING pc=0x0000020687b2f8f4 sp=0x00000033b92f8230
Event: 8.387 Thread 0x0000020694643c50 DEOPT UNPACKING pc=0x000002068758a1a3 sp=0x00000033b92f81c0 mode 2
Event: 8.387 Thread 0x0000020694643c50 Uncommon trap: trap_request=0xffffff45 fr.pc=0x0000020687b274b4 relative=0x0000000000000114
Event: 8.387 Thread 0x0000020694643c50 Uncommon trap: reason=unstable_if action=reinterpret pc=0x0000020687b274b4 method=java.net.URI.match(CJJ)Z @ 45 c2
Event: 8.387 Thread 0x0000020694643c50 DEOPT PACKING pc=0x0000020687b274b4 sp=0x00000033b92f7fa0
Event: 8.387 Thread 0x0000020694643c50 DEOPT UNPACKING pc=0x000002068758a1a3 sp=0x00000033b92f7ed8 mode 2
Event: 8.387 Thread 0x0000020694643c50 Uncommon trap: trap_request=0xffffff45 fr.pc=0x0000020687aebd48 relative=0x0000000000000048
Event: 8.387 Thread 0x0000020694643c50 Uncommon trap: reason=unstable_if action=reinterpret pc=0x0000020687aebd48 method=java.net.URI.match(CJJ)Z @ 19 c2
Event: 8.387 Thread 0x0000020694643c50 DEOPT PACKING pc=0x0000020687aebd48 sp=0x00000033b92f7fb0
Event: 8.387 Thread 0x0000020694643c50 DEOPT UNPACKING pc=0x000002068758a1a3 sp=0x00000033b92f7f60 mode 2

Classes unloaded (0 events):
No events

Classes redefined (0 events):
No events

Internal exceptions (20 events):
Event: 6.879 Thread 0x0000020694643c50 Exception <a 'java/lang/NoSuchMethodError'{0x0000000085187988}: 'java.lang.Object java.lang.invoke.DirectMethodHandle$Holder.invokeStatic(java.lang.Object, java.lang.Object, java.lang.Object, java.lang.Object, java.lang.Object, java.lang.Object, java.lang.Object, java.lang.Object, java.lang.Object, java.lang.Object, java.lang.Object, java.lang.Object, java.lang.Object, java.lang.Object, java.lang.Object, java.lang.Object, java.lang.Object)'> (0x0000000085187988) 
thrown [s\src\hotspot\share\interpreter\lin
Event: 6.881 Thread 0x0000020694643c50 Exception <a 'java/lang/NoSuchMethodError'{0x00000000851af300}: 'java.lang.Object java.lang.invoke.DirectMethodHandle$Holder.invokeStatic(java.lang.Object, java.lang.Object, java.lang.Object, java.lang.Object, java.lang.Object, java.lang.Object, java.lang.Object, java.lang.Object, java.lang.Object, java.lang.Object, java.lang.Object, java.lang.Object, java.lang.Object, java.lang.Object, java.lang.Object, java.lang.Object, java.lang.Object, java.lang.Object)'> (0x00000000851af300) 
thrown [s\src\hotspot\sha
Event: 6.884 Thread 0x0000020694643c50 Exception <a 'java/lang/NoSuchMethodError'{0x00000000851d78f0}: 'java.lang.Object java.lang.invoke.DirectMethodHandle$Holder.invokeStatic(java.lang.Object, java.lang.Object, java.lang.Object, java.lang.Object, java.lang.Object, java.lang.Object, java.lang.Object, java.lang.Object, java.lang.Object, java.lang.Object, java.lang.Object, java.lang.Object, java.lang.Object, java.lang.Object, java.lang.Object, java.lang.Object, java.lang.Object, java.lang.Object, java.lang.Object)'> (0x00000000851d78f0) 
thrown 
Event: 6.887 Thread 0x0000020694643c50 Exception <a 'java/lang/NoSuchMethodError'{0x0000000085002318}: 'java.lang.Object java.lang.invoke.DirectMethodHandle$Holder.invokeStatic(java.lang.Object, java.lang.Object, java.lang.Object, java.lang.Object, java.lang.Object, java.lang.Object, java.lang.Object, java.lang.Object, java.lang.Object, java.lang.Object, java.lang.Object, java.lang.Object, java.lang.Object, java.lang.Object, java.lang.Object, java.lang.Object, java.lang.Object, java.lang.Object, java.lang.Object, java.lang.Object)'> (0x00000000
Event: 6.889 Thread 0x0000020694643c50 Exception <a 'java/lang/NoSuchMethodError'{0x000000008502c9d8}: 'java.lang.Object java.lang.invoke.DirectMethodHandle$Holder.invokeStatic(java.lang.Object, java.lang.Object, java.lang.Object, java.lang.Object, java.lang.Object, java.lang.Object, java.lang.Object, java.lang.Object, java.lang.Object, java.lang.Object, java.lang.Object, java.lang.Object, java.lang.Object, java.lang.Object, java.lang.Object, java.lang.Object, java.lang.Object, java.lang.Object, java.lang.Object, java.lang.Object, java.lang.Obj
Event: 6.891 Thread 0x0000020694643c50 Exception <a 'java/lang/NoSuchMethodError'{0x0000000085057a38}: 'java.lang.Object java.lang.invoke.DirectMethodHandle$Holder.invokeStatic(java.lang.Object, java.lang.Object, java.lang.Object, java.lang.Object, java.lang.Object, java.lang.Object, java.lang.Object, java.lang.Object, java.lang.Object, java.lang.Object, java.lang.Object, java.lang.Object, java.lang.Object, java.lang.Object, java.lang.Object, java.lang.Object, java.lang.Object, java.lang.Object, java.lang.Object, java.lang.Object, java.lang.Obj
Event: 6.894 Thread 0x0000020694643c50 Exception <a 'java/lang/NoSuchMethodError'{0x0000000085086de0}: 'java.lang.Object java.lang.invoke.DirectMethodHandle$Holder.invokeStatic(java.lang.Object, java.lang.Object, java.lang.Object, java.lang.Object, java.lang.Object, java.lang.Object, java.lang.Object, java.lang.Object, java.lang.Object, java.lang.Object, java.lang.Object, java.lang.Object, java.lang.Object, java.lang.Object, java.lang.Object, java.lang.Object, java.lang.Object, java.lang.Object, java.lang.Object, java.lang.Object, java.lang.Obj
Event: 6.896 Thread 0x0000020694643c50 Exception <a 'java/lang/NoSuchMethodError'{0x00000000850b5190}: 'java.lang.Object java.lang.invoke.DirectMethodHandle$Holder.invokeStatic(java.lang.Object, java.lang.Object, java.lang.Object, java.lang.Object, java.lang.Object, java.lang.Object, java.lang.Object, java.lang.Object, java.lang.Object, java.lang.Object, java.lang.Object, java.lang.Object, java.lang.Object, java.lang.Object, java.lang.Object, java.lang.Object, java.lang.Object, java.lang.Object, java.lang.Object, java.lang.Object, java.lang.Obj
Event: 7.318 Thread 0x0000020694643c50 Exception <a 'java/lang/IncompatibleClassChangeError'{0x00000000830ec2a8}: Found class java.lang.Object, but interface was expected> (0x00000000830ec2a8) 
thrown [s\src\hotspot\share\interpreter\linkResolver.cpp, line 838]
Event: 7.464 Thread 0x0000020694643c50 Exception <a 'java/lang/IncompatibleClassChangeError'{0x000000008507a530}: Found class java.lang.Object, but interface was expected> (0x000000008507a530) 
thrown [s\src\hotspot\share\interpreter\linkResolver.cpp, line 838]
Event: 7.501 Thread 0x0000020694643c50 Exception <a 'java/lang/NoSuchMethodError'{0x0000000084e004c8}: 'int java.lang.invoke.DirectMethodHandle$Holder.invokeStaticInit(java.lang.Object, java.lang.Object, java.lang.Object, java.lang.Object, java.lang.Object)'> (0x0000000084e004c8) 
thrown [s\src\hotspot\share\interpreter\linkResolver.cpp, line 771]
Event: 7.639 Thread 0x0000020694643c50 Implicit null exception at 0x0000020687c4c0ec to 0x0000020687c4c190
Event: 7.756 Thread 0x0000020694643c50 Exception <a 'java/lang/NoSuchMethodError'{0x0000000087b57018}: 'void java.lang.invoke.DirectMethodHandle$Holder.invokeInterface(java.lang.Object, java.lang.Object)'> (0x0000000087b57018) 
thrown [s\src\hotspot\share\interpreter\linkResolver.cpp, line 771]
Event: 7.757 Thread 0x0000020694643c50 Exception <a 'java/lang/IncompatibleClassChangeError'{0x0000000087b623c8}: Found class java.lang.Object, but interface was expected> (0x0000000087b623c8) 
thrown [s\src\hotspot\share\interpreter\linkResolver.cpp, line 838]
Event: 7.788 Thread 0x0000020694643c50 Exception <a 'java/lang/NoSuchMethodError'{0x00000000852e8d70}: 'java.lang.Object java.lang.invoke.DirectMethodHandle$Holder.newInvokeSpecial(java.lang.Object, int, java.lang.Object)'> (0x00000000852e8d70) 
thrown [s\src\hotspot\share\interpreter\linkResolver.cpp, line 771]
Event: 8.108 Thread 0x0000020693862530 Exception <a 'java/lang/NoSuchMethodError'{0x0000000083200b58}: static Lorg/gradle/internal/build/event/types/DefaultOperationStartedProgressEvent;.<clinit>()V> (0x0000000083200b58) 
thrown [s\src\hotspot\share\prims\jni.cpp, line 1108]
Event: 8.108 Thread 0x0000020693862530 Exception <a 'java/lang/NoSuchMethodError'{0x00000000832026e0}: static Lorg/gradle/internal/build/event/types/AbstractProgressEvent;.<clinit>()V> (0x00000000832026e0) 
thrown [s\src\hotspot\share\prims\jni.cpp, line 1108]
Event: 8.109 Thread 0x0000020693862530 Exception <a 'java/lang/NoSuchMethodError'{0x0000000083216380}: static Lorg/gradle/internal/build/event/types/DefaultProjectConfigurationDescriptor;.<clinit>()V> (0x0000000083216380) 
thrown [s\src\hotspot\share\prims\jni.cpp, line 1108]
Event: 8.110 Thread 0x0000020693862530 Exception <a 'java/lang/NoSuchMethodError'{0x0000000083219018}: static Lorg/gradle/internal/build/event/types/DefaultOperationDescriptor;.<clinit>()V> (0x0000000083219018) 
thrown [s\src\hotspot\share\prims\jni.cpp, line 1108]
Event: 8.113 Thread 0x0000020693862530 Exception <a 'java/lang/NoSuchMethodError'{0x000000008327ae08}: static Lorg/gradle/internal/operations/OperationIdentifier;.<clinit>()V> (0x000000008327ae08) 
thrown [s\src\hotspot\share\prims\jni.cpp, line 1108]

VM Operations (20 events):
Event: 7.431 Executing VM operation: G1Concurrent
Event: 7.431 Executing VM operation: G1Concurrent done
Event: 7.470 Executing VM operation: HandshakeAllThreads
Event: 7.470 Executing VM operation: HandshakeAllThreads done
Event: 7.602 Executing VM operation: HandshakeAllThreads
Event: 7.602 Executing VM operation: HandshakeAllThreads done
Event: 7.747 Executing VM operation: G1CollectForAllocation
Event: 7.749 Executing VM operation: G1CollectForAllocation done
Event: 8.045 Executing VM operation: HandshakeAllThreads
Event: 8.045 Executing VM operation: HandshakeAllThreads done
Event: 8.091 Executing VM operation: HandshakeAllThreads
Event: 8.091 Executing VM operation: HandshakeAllThreads done
Event: 8.128 Executing VM operation: G1CollectForAllocation
Event: 8.130 Executing VM operation: G1CollectForAllocation done
Event: 8.149 Executing VM operation: G1Concurrent
Event: 8.150 Executing VM operation: G1Concurrent done
Event: 8.159 Executing VM operation: G1Concurrent
Event: 8.159 Executing VM operation: G1Concurrent done
Event: 8.397 Executing VM operation: G1CollectForAllocation
Event: 8.399 Executing VM operation: G1CollectForAllocation done

Events (20 events):
Event: 8.391 loading class java/io/DeleteOnExitHook$1
Event: 8.391 loading class java/io/DeleteOnExitHook$1 done
Event: 8.425 loading class javax/net/ssl/HostnameVerifier
Event: 8.425 loading class javax/net/ssl/HostnameVerifier done
Event: 8.427 loading class javax/net/ssl/TrustManager
Event: 8.428 loading class javax/net/ssl/TrustManager done
Event: 8.428 loading class javax/net/ssl/X509TrustManager
Event: 8.428 loading class javax/net/ssl/X509TrustManager done
Event: 8.431 loading class javax/net/ssl/SSLPeerUnverifiedException
Event: 8.431 loading class javax/net/ssl/SSLException
Event: 8.431 loading class javax/net/ssl/SSLException done
Event: 8.431 loading class javax/net/ssl/SSLPeerUnverifiedException done
Event: 8.431 loading class javax/naming/NamingException
Event: 8.432 loading class javax/naming/NamingException done
Event: 8.432 loading class javax/naming/InvalidNameException
Event: 8.432 loading class javax/naming/InvalidNameException done
Event: 8.432 loading class java/security/cert/CertificateParsingException
Event: 8.433 loading class java/security/cert/CertificateException
Event: 8.433 loading class java/security/cert/CertificateException done
Event: 8.433 loading class java/security/cert/CertificateParsingException done


Dynamic libraries:
0x00007ff76f680000 - 0x00007ff76f68a000 	C:\Program Files\Android\Android Studio\jbr\bin\java.exe
0x00007ff953f10000 - 0x00007ff954127000 	C:\WINDOWS\SYSTEM32\ntdll.dll
0x00007ff9524f0000 - 0x00007ff9525b4000 	C:\WINDOWS\System32\KERNEL32.DLL
0x00007ff9512d0000 - 0x00007ff95167d000 	C:\WINDOWS\System32\KERNELBASE.dll
0x00007ff951720000 - 0x00007ff951831000 	C:\WINDOWS\System32\ucrtbase.dll
0x00007ff919430000 - 0x00007ff91944b000 	C:\Program Files\Android\Android Studio\jbr\bin\VCRUNTIME140.dll
0x00007ff9340e0000 - 0x00007ff9340f7000 	C:\Program Files\Android\Android Studio\jbr\bin\jli.dll
0x00007ff953200000 - 0x00007ff9533ae000 	C:\WINDOWS\System32\USER32.dll
0x00007ff934e30000 - 0x00007ff9350c3000 	C:\WINDOWS\WinSxS\amd64_microsoft.windows.common-controls_6595b64144ccf1df_6.0.22621.3672_none_2713b9d173822955\COMCTL32.dll
0x00007ff9516f0000 - 0x00007ff951716000 	C:\WINDOWS\System32\win32u.dll
0x00007ff9523d0000 - 0x00007ff9523f9000 	C:\WINDOWS\System32\GDI32.dll
0x00007ff9518c0000 - 0x00007ff9519d9000 	C:\WINDOWS\System32\gdi32full.dll
0x00007ff951230000 - 0x00007ff9512ca000 	C:\WINDOWS\System32\msvcp_win.dll
0x00007ff951c40000 - 0x00007ff951ce7000 	C:\WINDOWS\System32\msvcrt.dll
0x00007ff952080000 - 0x00007ff9520b1000 	C:\WINDOWS\System32\IMM32.DLL
0x00007ff943320000 - 0x00007ff94332c000 	C:\Program Files\Android\Android Studio\jbr\bin\vcruntime140_1.dll
0x00007ff8cfe80000 - 0x00007ff8cff0d000 	C:\Program Files\Android\Android Studio\jbr\bin\msvcp140.dll
0x00007ff8d1f20000 - 0x00007ff8d2b8e000 	C:\Program Files\Android\Android Studio\jbr\bin\server\jvm.dll
0x00007ff951df0000 - 0x00007ff951ea2000 	C:\WINDOWS\System32\ADVAPI32.dll
0x00007ff9521f0000 - 0x00007ff952299000 	C:\WINDOWS\System32\sechost.dll
0x00007ff951c10000 - 0x00007ff951c38000 	C:\WINDOWS\System32\bcrypt.dll
0x00007ff9520d0000 - 0x00007ff9521e4000 	C:\WINDOWS\System32\RPCRT4.dll
0x00007ff943240000 - 0x00007ff943249000 	C:\WINDOWS\SYSTEM32\WSOCK32.dll
0x00007ff952350000 - 0x00007ff9523c1000 	C:\WINDOWS\System32\WS2_32.dll
0x00007ff9493a0000 - 0x00007ff9493aa000 	C:\WINDOWS\SYSTEM32\VERSION.dll
0x00007ff94b560000 - 0x00007ff94b594000 	C:\WINDOWS\SYSTEM32\WINMM.dll
0x00007ff950280000 - 0x00007ff950298000 	C:\WINDOWS\SYSTEM32\kernel.appcore.dll
0x00007ff943200000 - 0x00007ff94320a000 	C:\Program Files\Android\Android Studio\jbr\bin\jimage.dll
0x00007ff949600000 - 0x00007ff949832000 	C:\WINDOWS\SYSTEM32\DBGHELP.DLL
0x00007ff9526d0000 - 0x00007ff952a5e000 	C:\WINDOWS\System32\combase.dll
0x00007ff9533b0000 - 0x00007ff953487000 	C:\WINDOWS\System32\OLEAUT32.dll
0x00007ff91db30000 - 0x00007ff91db62000 	C:\WINDOWS\SYSTEM32\dbgcore.DLL
0x00007ff951840000 - 0x00007ff9518bb000 	C:\WINDOWS\System32\bcryptPrimitives.dll
0x00007ff934d10000 - 0x00007ff934d35000 	C:\Program Files\Android\Android Studio\jbr\bin\java.dll
0x00007ff939ca0000 - 0x00007ff939cb8000 	C:\Program Files\Android\Android Studio\jbr\bin\zip.dll
0x00007ff953660000 - 0x00007ff953ec7000 	C:\WINDOWS\System32\SHELL32.dll
0x00007ff94f1b0000 - 0x00007ff94faaf000 	C:\WINDOWS\SYSTEM32\windows.storage.dll
0x00007ff94f070000 - 0x00007ff94f1af000 	C:\WINDOWS\SYSTEM32\wintypes.dll
0x00007ff952a60000 - 0x00007ff952b59000 	C:\WINDOWS\System32\SHCORE.dll
0x00007ff952cc0000 - 0x00007ff952d1e000 	C:\WINDOWS\System32\shlwapi.dll
0x00007ff951160000 - 0x00007ff951187000 	C:\WINDOWS\SYSTEM32\profapi.dll
0x00007ff934350000 - 0x00007ff934369000 	C:\Program Files\Android\Android Studio\jbr\bin\net.dll
0x00007ff94ceb0000 - 0x00007ff94cfe6000 	C:\WINDOWS\SYSTEM32\WINHTTP.dll
0x00007ff9506f0000 - 0x00007ff950759000 	C:\WINDOWS\system32\mswsock.dll
0x00007ff934330000 - 0x00007ff934346000 	C:\Program Files\Android\Android Studio\jbr\bin\nio.dll
0x00007ff9431f0000 - 0x00007ff943200000 	C:\Program Files\Android\Android Studio\jbr\bin\verify.dll
0x00007ff930e60000 - 0x00007ff930e87000 	C:\Users\athis\.gradle\native\68d5fa5c4cc2d200863cafc0d521ce42e7d3e7ee720ec0a83991735586a16f82\windows-amd64\native-platform.dll
0x00007ff8bcd90000 - 0x00007ff8bced4000 	C:\Users\athis\.gradle\native\e376f236ea51e6404a007f0833ffe2c6e607c4080706a723a18a27aeea778392\windows-amd64\native-platform-file-events.dll
0x00007ff935320000 - 0x00007ff935329000 	C:\Program Files\Android\Android Studio\jbr\bin\management.dll
0x00007ff934d00000 - 0x00007ff934d0b000 	C:\Program Files\Android\Android Studio\jbr\bin\management_ext.dll
0x00007ff9524e0000 - 0x00007ff9524e8000 	C:\WINDOWS\System32\PSAPI.DLL
0x00007ff950940000 - 0x00007ff95095b000 	C:\WINDOWS\SYSTEM32\CRYPTSP.dll
0x00007ff9501e0000 - 0x00007ff950215000 	C:\WINDOWS\system32\rsaenh.dll
0x00007ff9507e0000 - 0x00007ff950808000 	C:\WINDOWS\SYSTEM32\USERENV.dll
0x00007ff950960000 - 0x00007ff95096c000 	C:\WINDOWS\SYSTEM32\CRYPTBASE.dll
0x00007ff94fd10000 - 0x00007ff94fd3d000 	C:\WINDOWS\SYSTEM32\IPHLPAPI.DLL
0x00007ff9520c0000 - 0x00007ff9520c9000 	C:\WINDOWS\System32\NSI.dll
0x00007ff94ce90000 - 0x00007ff94cea9000 	C:\WINDOWS\SYSTEM32\dhcpcsvc6.DLL
0x00007ff94cd00000 - 0x00007ff94cd1f000 	C:\WINDOWS\SYSTEM32\dhcpcsvc.DLL
0x00007ff94fd40000 - 0x00007ff94fe38000 	C:\WINDOWS\SYSTEM32\DNSAPI.dll
0x00007ff930e50000 - 0x00007ff930e58000 	C:\WINDOWS\system32\wshunix.dll

dbghelp: loaded successfully - version: 4.0.5 - missing functions: none
symbol engine: initialized successfully - sym options: 0x614 - pdb path: .;C:\Program Files\Android\Android Studio\jbr\bin;C:\WINDOWS\SYSTEM32;C:\WINDOWS\WinSxS\amd64_microsoft.windows.common-controls_6595b64144ccf1df_6.0.22621.3672_none_2713b9d173822955;C:\Program Files\Android\Android Studio\jbr\bin\server;C:\Users\athis\.gradle\native\68d5fa5c4cc2d200863cafc0d521ce42e7d3e7ee720ec0a83991735586a16f82\windows-amd64;C:\Users\athis\.gradle\native\e376f236ea51e6404a007f0833ffe2c6e607c4080706a723a18a27aeea778392\windows-amd64

VM Arguments:
jvm_args: --add-opens=java.base/java.util=ALL-UNNAMED --add-opens=java.base/java.lang=ALL-UNNAMED --add-opens=java.base/java.lang.invoke=ALL-UNNAMED --add-opens=java.prefs/java.util.prefs=ALL-UNNAMED --add-opens=java.base/java.nio.charset=ALL-UNNAMED --add-opens=java.base/java.net=ALL-UNNAMED --add-opens=java.base/java.util.concurrent.atomic=ALL-UNNAMED -Xmx2048m -Dfile.encoding=UTF-8 -Duser.country=IN -Duser.language=en -Duser.variant 
java_command: org.gradle.launcher.daemon.bootstrap.GradleDaemon 8.0
java_class_path (initial): C:\Users\athis\.gradle\wrapper\dists\gradle-8.0-bin\ca5e32bp14vu59qr306oxotwh\gradle-8.0\lib\gradle-launcher-8.0.jar
Launcher Type: SUN_STANDARD

[Global flags]
     intx CICompilerCount                          = 4                                         {product} {ergonomic}
     uint ConcGCThreads                            = 2                                         {product} {ergonomic}
     uint G1ConcRefinementThreads                  = 8                                         {product} {ergonomic}
   size_t G1HeapRegionSize                         = 1048576                                   {product} {ergonomic}
    uintx GCDrainStackTargetSize                   = 64                                        {product} {ergonomic}
   size_t InitialHeapSize                          = 130023424                                 {product} {ergonomic}
   size_t MarkStackSize                            = 4194304                                   {product} {ergonomic}
   size_t MaxHeapSize                              = 2147483648                                {product} {command line}
   size_t MaxNewSize                               = 1287651328                                {product} {ergonomic}
   size_t MinHeapDeltaBytes                        = 1048576                                   {product} {ergonomic}
   size_t MinHeapSize                              = 8388608                                   {product} {ergonomic}
    uintx NonNMethodCodeHeapSize                   = 5839372                                {pd product} {ergonomic}
    uintx NonProfiledCodeHeapSize                  = 122909434                              {pd product} {ergonomic}
    uintx ProfiledCodeHeapSize                     = 122909434                              {pd product} {ergonomic}
    uintx ReservedCodeCacheSize                    = 251658240                              {pd product} {ergonomic}
     bool SegmentedCodeCache                       = true                                      {product} {ergonomic}
   size_t SoftMaxHeapSize                          = 2147483648                             {manageable} {ergonomic}
     bool UseCompressedClassPointers               = true                           {product lp64_product} {ergonomic}
     bool UseCompressedOops                        = true                           {product lp64_product} {ergonomic}
     bool UseG1GC                                  = true                                      {product} {ergonomic}
     bool UseLargePagesIndividualAllocation        = false                                  {pd product} {ergonomic}

Logging:
Log output configuration:
 #0: stdout all=warning uptime,level,tags
 #1: stderr all=off uptime,level,tags

Environment Variables:
PATH=C:\Program Files\Common Files\Oracle\Java\javapath;C:\Program Files (x86)\Common Files\Oracle\Java\javapath;C:\WINDOWS\system32;C:\WINDOWS;C:\WINDOWS\System32\Wbem;C:\WINDOWS\System32\WindowsPowerShell\v1.0\;C:\WINDOWS\System32\OpenSSH\;C:\Program Files\PuTTY\;C:\Program Files\Amazon\AWSCLIV2\;C:\Program Files\Java\jdk-19\bin;C:\Program Files\Java\jdk-21;C:\Program Files (x86)\Microsoft SQL Server\100\Tools\Binn\;C:\Program Files\Microsoft SQL Server\100\Tools\Binn\;C:\Program Files\Microsoft SQL Server\100\DTS\Binn\;C:\Program Files\nodejs\;C:\xampp\php;C:\ProgramData\ComposerSetup\bin;C:\Program Files\Git\cmd;C:\Users\athis\AppData\Local\Programs\Python\Python310\Scripts\;C:\Users\athis\AppData\Local\Programs\Python\Python310\;C:\Program Files\Java\jdk-21\bin;C:\Users\athis\AppData\Roaming\npm;C:\Users\athis\AppData\Roaming\Composer\vendor\bin;C:\Users\athis\AppData\Local\Programs\Microsoft VS Code\bin
USERNAME=athis
OS=Windows_NT
PROCESSOR_IDENTIFIER=Intel64 Family 6 Model 140 Stepping 2, GenuineIntel
TMP=C:\Users\athis\AppData\Local\Temp
TEMP=C:\Users\athis\AppData\Local\Temp


JNI global refs:
JNI global refs: 25, weak refs: 0

JNI global refs memory usage: 843, weak refs: 841


---------------  S Y S T E M  ---------------

OS:
 Windows 11 , 64 bit Build 22621 (10.0.22621.3958)
OS uptime: 4 days 0:29 hours

CPU: total 8 (initial active 8) (4 cores per cpu, 2 threads per core) family 6 model 140 stepping 2 microcode 0x34, cx8, cmov, fxsr, ht, mmx, 3dnowpref, sse, sse2, sse3, ssse3, sse4.1, sse4.2, popcnt, lzcnt, tsc, tscinvbit, avx, avx2, aes, erms, clmul, bmi1, bmi2, adx, avx512f, avx512dq, avx512cd, avx512bw, avx512vl, sha, fma, vzeroupper, avx512_vpopcntdq, avx512_vpclmulqdq, avx512_vaes, avx512_vnni, clflush, clflushopt, clwb, avx512_vbmi2, avx512_vbmi

Memory: 4k page, system-wide physical 7834M (147M free)
TotalPageFile size 31386M (AvailPageFile size 14M)
current process WorkingSet (physical memory assigned to process): 221M, peak: 221M
current process commit charge ("private bytes"): 257M, peak: 259M

vm_info: OpenJDK 64-Bit Server VM (17.0.6+0-b2043.56-10027231) for windows-amd64 JRE (17.0.6+0-b2043.56-10027231), built on Apr 28 2023 00:43:19 by "androidbuild" with MS VC++ 16.10 / 16.11 (VS2019)

END.
